#
# There is insufficient memory for the Java Runtime Environment to continue.
# Native memory allocation (malloc) failed to allocate 1072016 bytes for Chunk::new
# Possible reasons:
#   The system is out of physical RAM or swap space
#   The process is running with CompressedOops enabled, and the Java Heap may be blocking the growth of the native heap
# Possible solutions:
#   Reduce memory load on the system
#   Increase physical memory or swap space
#   Check if swap backing store is full
#   Decrease Java heap size (-Xmx/-Xms)
#   Decrease number of Java threads
#   Decrease Java thread stack sizes (-Xss)
#   Set larger code cache with -XX:ReservedCodeCacheSize=
#   JVM is running with Unscaled Compressed Oops mode in which the Java heap is
#     placed in the first 4GB address space. The Java Heap base address is the
#     maximum limit for the native heap growth. Please use -XX:HeapBaseMinAddress
#     to set the Java Heap base and to place the Java Heap above 4GB virtual address.
# This output file may be truncated or incomplete.
#
#  Out of Memory Error (allocation.cpp:389), pid=2608, tid=0x0000000000004290
#
# JRE version: OpenJDK Runtime Environment (8.0_212-b04) (build 1.8.0_212-release-1586-b04)
# Java VM: OpenJDK 64-Bit Server VM (25.212-b04 mixed mode windows-amd64 compressed oops)
# Failed to write core dump. Minidumps are not enabled by default on client versions of Windows
#

---------------  T H R E A D  ---------------

Current thread (0x0000000016a39800):  JavaThread "C2 CompilerThread1" daemon [_thread_in_native, id=17040, stack(0x00000000181b0000,0x00000000182b0000)]

Stack: [0x00000000181b0000,0x00000000182b0000]
[error occurred during error reporting (printing stack bounds), id 0xc0000005]

Native frames: (J=compiled Java code, j=interpreted, Vv=VM code, C=native code)


Current CompileTask:
C2:4693961 11870       4       org.gradle.internal.operations.DefaultBuildOperationExecutor::execute (111 bytes)


---------------  P R O C E S S  ---------------

Java Threads: ( => current thread )
  0x000000001a8c3000 JavaThread "Execution worker for ':' Thread 3" [_thread_in_native, id=19264, stack(0x00000000233e0000,0x00000000234e0000)]
  0x000000001f7c5800 JavaThread "Execution worker for ':' Thread 2" [_thread_in_native, id=9232, stack(0x00000000232e0000,0x00000000233e0000)]
  0x000000001f7c6800 JavaThread "Execution worker for ':'" [_thread_in_Java, id=22168, stack(0x00000000231e0000,0x00000000232e0000)]
  0x000000001f7c5000 JavaThread "Cache worker for file content cache (C:\Users\Olcia wpierdolcia\Desktop\Java\AndroStudio\AstroCalculator\.gradle\5.6.4\fileContent)" [_thread_blocked, id=22028, stack(0x00000000230e0000,0x00000000231e0000)]
  0x000000001f7c4000 JavaThread "Cache worker for Build Output Cleanup Cache (C:\Users\Olcia wpierdolcia\Desktop\Java\AndroStudio\AstroCalculator\.gradle\buildOutputCleanup)" [_thread_blocked, id=11120, stack(0x00000000227e0000,0x00000000228e0000)]
  0x000000001f7bc800 JavaThread "Build operations Thread 4" [_thread_blocked, id=17964, stack(0x00000000222e0000,0x00000000223e0000)]
  0x000000001f7c3800 JavaThread "Build operations Thread 3" [_thread_blocked, id=8196, stack(0x00000000221e0000,0x00000000222e0000)]
  0x000000001f7c0800 JavaThread "Build operations Thread 2" [_thread_blocked, id=13324, stack(0x00000000218e0000,0x00000000219e0000)]
  0x000000001f7bc000 JavaThread "Build operations" [_thread_blocked, id=18960, stack(0x0000000020f40000,0x0000000021040000)]
  0x000000001f7bf800 JavaThread "Cache worker for cache directory md-rule (C:\Users\Olcia wpierdolcia\.gradle\caches\5.6.4\md-rule)" [_thread_blocked, id=7792, stack(0x0000000020e40000,0x0000000020f40000)]
  0x000000001f7c2000 JavaThread "Cache worker for cache directory md-supplier (C:\Users\Olcia wpierdolcia\.gradle\caches\5.6.4\md-supplier)" [_thread_blocked, id=16704, stack(0x0000000020d40000,0x0000000020e40000)]
  0x000000001f7bf000 JavaThread "Cache worker for file hash cache (C:\Users\Olcia wpierdolcia\Desktop\Java\AndroStudio\AstroCalculator\.gradle\5.6.4\fileHashes)" [_thread_blocked, id=21856, stack(0x000000001f090000,0x000000001f190000)]
  0x000000001f7bb000 JavaThread "Thread-56" [_thread_blocked, id=5344, stack(0x000000001eb90000,0x000000001ec90000)]
  0x000000001f7ba800 JavaThread "Stdin handler" [_thread_blocked, id=20520, stack(0x000000001c0f0000,0x000000001c1f0000)]
  0x000000001f7c1000 JavaThread "Asynchronous log dispatcher for DefaultDaemonConnection: socket connection from /127.0.0.1:56637 to /127.0.0.1:57938" [_thread_in_native, id=15240, stack(0x000000001bff0000,0x000000001c0f0000)]
  0x000000001f7b6800 JavaThread "Cancel handler" [_thread_blocked, id=18780, stack(0x000000001bbf0000,0x000000001bcf0000)]
  0x000000001f7b9800 JavaThread "Handler for socket connection from /127.0.0.1:56637 to /127.0.0.1:57938" [_thread_in_native, id=14848, stack(0x000000001baf0000,0x000000001bbf0000)]
  0x000000001a8c5000 JavaThread "Daemon worker Thread 2" [_thread_in_Java, id=21112, stack(0x000000001bef0000,0x000000001bff0000)]
  0x000000001a8c7800 JavaThread "Daemon Thread 2" [_thread_blocked, id=15708, stack(0x0000000001460000,0x0000000001560000)]
  0x000000001f7b7800 JavaThread "Cache worker for file content cache (C:\Users\Olcia wpierdolcia\.gradle\caches\5.6.4\fileContent)" [_thread_blocked, id=4108, stack(0x00000000226e0000,0x00000000227e0000)]
  0x000000001f7be000 JavaThread "Memory manager" [_thread_blocked, id=14920, stack(0x00000000225e0000,0x00000000226e0000)]
  0x000000001f7b9000 JavaThread "Cache worker for execution history cache (C:\Users\Olcia wpierdolcia\.gradle\caches\5.6.4\executionHistory)" [_thread_blocked, id=20944, stack(0x0000000020a40000,0x0000000020b40000)]
  0x0000000018423000 JavaThread "Cache worker for journal cache (C:\Users\Olcia wpierdolcia\.gradle\caches\journal-1)" [_thread_in_vm, id=8764, stack(0x000000001c7f0000,0x000000001c8f0000)]
  0x0000000018426000 JavaThread "File lock request listener" [_thread_in_native, id=7696, stack(0x000000001c6f0000,0x000000001c7f0000)]
  0x0000000018424800 JavaThread "Cache worker for file hash cache (C:\Users\Olcia wpierdolcia\.gradle\caches\5.6.4\fileHashes)" [_thread_blocked, id=12268, stack(0x000000001c3f0000,0x000000001c4f0000)]
  0x0000000018486000 JavaThread "Daemon periodic checks" [_thread_blocked, id=21456, stack(0x000000001b9f0000,0x000000001baf0000)]
  0x0000000019787000 JavaThread "Incoming local TCP Connector on port 56637" [_thread_in_native, id=21220, stack(0x000000001b790000,0x000000001b890000)]
  0x000000001a1f8000 JavaThread "Daemon health stats" [_thread_blocked, id=1520, stack(0x000000001b150000,0x000000001b250000)]
  0x00000000182d1800 JavaThread "Service Thread" daemon [_thread_blocked, id=17844, stack(0x00000000187b0000,0x00000000188b0000)]
  0x00000000182c8800 JavaThread "C1 CompilerThread2" daemon [_thread_blocked, id=22508, stack(0x00000000186b0000,0x00000000187b0000)]
=>0x0000000016a39800 JavaThread "C2 CompilerThread1" daemon [_thread_in_native, id=17040, stack(0x00000000181b0000,0x00000000182b0000)]
  0x0000000016a36800 JavaThread "C2 CompilerThread0" daemon [_thread_blocked, id=15064, stack(0x00000000180b0000,0x00000000181b0000)]
  0x0000000016a35000 JavaThread "Attach Listener" daemon [_thread_blocked, id=7928, stack(0x0000000017fb0000,0x00000000180b0000)]
  0x0000000016a34000 JavaThread "Signal Dispatcher" daemon [_thread_blocked, id=14976, stack(0x0000000017eb0000,0x0000000017fb0000)]
  0x00000000030bb000 JavaThread "Finalizer" daemon [_thread_blocked, id=17524, stack(0x0000000017ca0000,0x0000000017da0000)]
  0x0000000016a19000 JavaThread "Reference Handler" daemon [_thread_blocked, id=9188, stack(0x0000000017ba0000,0x0000000017ca0000)]
  0x0000000002fbe000 JavaThread "main" [_thread_blocked, id=19564, stack(0x0000000002e30000,0x0000000002f30000)]

Other Threads:
  0x00000000169f6000 VMThread [stack: 0x0000000017aa0000,0x0000000017ba0000] [id=1632]
  0x0000000016a8d000 WatcherThread [stack: 0x00000000188b0000,0x00000000189b0000] [id=5200]

VM state:not at safepoint (normal execution)

VM Mutex/Monitor currently owned by a thread: None

heap address: 0x00000000a0000000, size: 1536 MB, Compressed Oops mode: 32-bit
Narrow klass base: 0x0000000000000000, Narrow klass shift: 3
Compressed class space size: 1073741824 Address: 0x0000000100000000

Heap:
 PSYoungGen      total 152576K, used 95466K [0x00000000e0000000, 0x00000000eb280000, 0x0000000100000000)
  eden space 129536K, 56% used [0x00000000e0000000,0x00000000e4731ac8,0x00000000e7e80000)
  from space 23040K, 97% used [0x00000000e8200000,0x00000000e98090a8,0x00000000e9880000)
  to   space 26624K, 0% used [0x00000000e9880000,0x00000000e9880000,0x00000000eb280000)
 ParOldGen       total 122880K, used 35479K [0x00000000a0000000, 0x00000000a7800000, 0x00000000e0000000)
  object space 122880K, 28% used [0x00000000a0000000,0x00000000a22a5fb8,0x00000000a7800000)
 Metaspace       used 72278K, capacity 75068K, committed 75224K, reserved 1114112K
  class space    used 9574K, capacity 10165K, committed 10200K, reserved 1048576K

Card table byte_map: [0x0000000012480000,0x0000000012790000] byte_map_base: 0x0000000011f80000

Marking Bits: (ParMarkBitMap*) 0x000000005c329f30
 Begin Bits: [0x0000000012d90000, 0x0000000014590000)
 End Bits:   [0x0000000014590000, 0x0000000015d90000)

Polling page: 0x0000000001560000

CodeCache: size=245760Kb used=31310Kb max_used=31310Kb free=214449Kb
 bounds [0x00000000030c0000, 0x0000000004f90000, 0x00000000120c0000]
 total_blobs=10639 nmethods=9816 adapters=735
 compilation: enabled

Compilation events (10 events):
Event: 4693.752 Thread 0x00000000182c8800 11882       3       org.gradle.api.internal.artifacts.ivyservice.modulecache.artifacts.DefaultModuleArtifactCache$ArtifactAtRepositoryKeySerializer::write (25 bytes)
Event: 4693.752 Thread 0x00000000182c8800 nmethod 11882 0x0000000004f78e50 code [0x0000000004f78fe0, 0x0000000004f79338]
Event: 4693.752 Thread 0x00000000182c8800 11883       3       org.gradle.api.internal.artifacts.metadata.ComponentArtifactIdentifierSerializer::write (10 bytes)
Event: 4693.753 Thread 0x00000000182c8800 nmethod 11883 0x0000000004f78990 code [0x0000000004f78b00, 0x0000000004f78d88]
Event: 4693.753 Thread 0x00000000182c8800 11884       3       org.gradle.api.internal.artifacts.ivyservice.modulecache.artifacts.DefaultModuleArtifactCache$CachedArtifactSerializer::read (6 bytes)
Event: 4693.753 Thread 0x00000000182c8800 nmethod 11884 0x0000000004f785d0 code [0x0000000004f78740, 0x0000000004f788e8]
Event: 4693.754 Thread 0x00000000182c8800 11885       3       org.gradle.api.internal.artifacts.ivyservice.modulecache.artifacts.DefaultModuleArtifactCache$CachedArtifactSerializer::read (127 bytes)
Event: 4693.755 Thread 0x00000000182c8800 nmethod 11885 0x0000000004f7f210 code [0x0000000004f7f4a0, 0x0000000004f80598]
Event: 4693.771 Thread 0x00000000182c8800 11886       1       org.gradle.api.internal.artifacts.transform.TransformationNode$InitialTransformationNode::access$200 (5 bytes)
Event: 4693.771 Thread 0x00000000182c8800 nmethod 11886 0x0000000004f78290 code [0x0000000004f783e0, 0x0000000004f784d0]

GC Heap History (10 events):
Event: 66.696 GC heap before
{Heap before GC invocations=20 (full 3):
 PSYoungGen      total 122880K, used 12726K [0x00000000e0000000, 0x00000000e9b00000, 0x0000000100000000)
  eden space 104960K, 0% used [0x00000000e0000000,0x00000000e0000000,0x00000000e6680000)
  from space 17920K, 71% used [0x00000000e6680000,0x00000000e72ed8f0,0x00000000e7800000)
  to   space 18944K, 0% used [0x00000000e8880000,0x00000000e8880000,0x00000000e9b00000)
 ParOldGen       total 81408K, used 27485K [0x00000000a0000000, 0x00000000a4f80000, 0x00000000e0000000)
  object space 81408K, 33% used [0x00000000a0000000,0x00000000a1ad7628,0x00000000a4f80000)
 Metaspace       used 57211K, capacity 59050K, committed 59096K, reserved 1099776K
  class space    used 7899K, capacity 8364K, committed 8408K, reserved 1048576K
Event: 67.333 GC heap after
Heap after GC invocations=20 (full 3):
 PSYoungGen      total 122880K, used 0K [0x00000000e0000000, 0x00000000e9b00000, 0x0000000100000000)
  eden space 104960K, 0% used [0x00000000e0000000,0x00000000e0000000,0x00000000e6680000)
  from space 17920K, 0% used [0x00000000e6680000,0x00000000e6680000,0x00000000e7800000)
  to   space 18944K, 0% used [0x00000000e8880000,0x00000000e8880000,0x00000000e9b00000)
 ParOldGen       total 122880K, used 32274K [0x00000000a0000000, 0x00000000a7800000, 0x00000000e0000000)
  object space 122880K, 26% used [0x00000000a0000000,0x00000000a1f84bc0,0x00000000a7800000)
 Metaspace       used 57183K, capacity 58976K, committed 59096K, reserved 1099776K
  class space    used 7891K, capacity 8349K, committed 8408K, reserved 1048576K
}
Event: 79.830 GC heap before
{Heap before GC invocations=21 (full 3):
 PSYoungGen      total 122880K, used 104960K [0x00000000e0000000, 0x00000000e9b00000, 0x0000000100000000)
  eden space 104960K, 100% used [0x00000000e0000000,0x00000000e6680000,0x00000000e6680000)
  from space 17920K, 0% used [0x00000000e6680000,0x00000000e6680000,0x00000000e7800000)
  to   space 18944K, 0% used [0x00000000e8880000,0x00000000e8880000,0x00000000e9b00000)
 ParOldGen       total 122880K, used 32274K [0x00000000a0000000, 0x00000000a7800000, 0x00000000e0000000)
  object space 122880K, 26% used [0x00000000a0000000,0x00000000a1f84bc0,0x00000000a7800000)
 Metaspace       used 59079K, capacity 61196K, committed 61400K, reserved 1101824K
  class space    used 8134K, capacity 8613K, committed 8664K, reserved 1048576K
Event: 79.907 GC heap after
Heap after GC invocations=21 (full 3):
 PSYoungGen      total 137728K, used 9228K [0x00000000e0000000, 0x00000000e9900000, 0x0000000100000000)
  eden space 120832K, 0% used [0x00000000e0000000,0x00000000e0000000,0x00000000e7600000)
  from space 16896K, 54% used [0x00000000e8880000,0x00000000e9183238,0x00000000e9900000)
  to   space 17920K, 0% used [0x00000000e7600000,0x00000000e7600000,0x00000000e8780000)
 ParOldGen       total 122880K, used 32282K [0x00000000a0000000, 0x00000000a7800000, 0x00000000e0000000)
  object space 122880K, 26% used [0x00000000a0000000,0x00000000a1f86bc0,0x00000000a7800000)
 Metaspace       used 59079K, capacity 61196K, committed 61400K, reserved 1101824K
  class space    used 8134K, capacity 8613K, committed 8664K, reserved 1048576K
}
Event: 95.645 GC heap before
{Heap before GC invocations=22 (full 3):
 PSYoungGen      total 137728K, used 130060K [0x00000000e0000000, 0x00000000e9900000, 0x0000000100000000)
  eden space 120832K, 100% used [0x00000000e0000000,0x00000000e7600000,0x00000000e7600000)
  from space 16896K, 54% used [0x00000000e8880000,0x00000000e9183238,0x00000000e9900000)
  to   space 17920K, 0% used [0x00000000e7600000,0x00000000e7600000,0x00000000e8780000)
 ParOldGen       total 122880K, used 32282K [0x00000000a0000000, 0x00000000a7800000, 0x00000000e0000000)
  object space 122880K, 26% used [0x00000000a0000000,0x00000000a1f86bc0,0x00000000a7800000)
 Metaspace       used 63374K, capacity 65532K, committed 65752K, reserved 1105920K
  class space    used 8655K, capacity 9109K, committed 9176K, reserved 1048576K
Event: 95.692 GC heap after
Heap after GC invocations=22 (full 3):
 PSYoungGen      total 138752K, used 14306K [0x00000000e0000000, 0x00000000eab80000, 0x0000000100000000)
  eden space 120832K, 0% used [0x00000000e0000000,0x00000000e0000000,0x00000000e7600000)
  from space 17920K, 79% used [0x00000000e7600000,0x00000000e83f8a58,0x00000000e8780000)
  to   space 19456K, 0% used [0x00000000e9880000,0x00000000e9880000,0x00000000eab80000)
 ParOldGen       total 122880K, used 32290K [0x00000000a0000000, 0x00000000a7800000, 0x00000000e0000000)
  object space 122880K, 26% used [0x00000000a0000000,0x00000000a1f88bc0,0x00000000a7800000)
 Metaspace       used 63374K, capacity 65532K, committed 65752K, reserved 1105920K
  class space    used 8655K, capacity 9109K, committed 9176K, reserved 1048576K
}
Event: 111.831 GC heap before
{Heap before GC invocations=23 (full 3):
 PSYoungGen      total 138752K, used 135138K [0x00000000e0000000, 0x00000000eab80000, 0x0000000100000000)
  eden space 120832K, 100% used [0x00000000e0000000,0x00000000e7600000,0x00000000e7600000)
  from space 17920K, 79% used [0x00000000e7600000,0x00000000e83f8a58,0x00000000e8780000)
  to   space 19456K, 0% used [0x00000000e9880000,0x00000000e9880000,0x00000000eab80000)
 ParOldGen       total 122880K, used 32290K [0x00000000a0000000, 0x00000000a7800000, 0x00000000e0000000)
  object space 122880K, 26% used [0x00000000a0000000,0x00000000a1f88bc0,0x00000000a7800000)
 Metaspace       used 67381K, capacity 69964K, committed 70232K, reserved 1110016K
  class space    used 9226K, capacity 9785K, committed 9816K, reserved 1048576K
Event: 111.914 GC heap after
Heap after GC invocations=23 (full 3):
 PSYoungGen      total 152576K, used 19441K [0x00000000e0000000, 0x00000000eb180000, 0x0000000100000000)
  eden space 133120K, 0% used [0x00000000e0000000,0x00000000e0000000,0x00000000e8200000)
  from space 19456K, 99% used [0x00000000e9880000,0x00000000eab7c5e0,0x00000000eab80000)
  to   space 23040K, 0% used [0x00000000e8200000,0x00000000e8200000,0x00000000e9880000)
 ParOldGen       total 122880K, used 35471K [0x00000000a0000000, 0x00000000a7800000, 0x00000000e0000000)
  object space 122880K, 28% used [0x00000000a0000000,0x00000000a22a3fb8,0x00000000a7800000)
 Metaspace       used 67381K, capacity 69964K, committed 70232K, reserved 1110016K
  class space    used 9226K, capacity 9785K, committed 9816K, reserved 1048576K
}
Event: 4640.726 GC heap before
{Heap before GC invocations=24 (full 3):
 PSYoungGen      total 152576K, used 152561K [0x00000000e0000000, 0x00000000eb180000, 0x0000000100000000)
  eden space 133120K, 100% used [0x00000000e0000000,0x00000000e8200000,0x00000000e8200000)
  from space 19456K, 99% used [0x00000000e9880000,0x00000000eab7c5e0,0x00000000eab80000)
  to   space 23040K, 0% used [0x00000000e8200000,0x00000000e8200000,0x00000000e9880000)
 ParOldGen       total 122880K, used 35471K [0x00000000a0000000, 0x00000000a7800000, 0x00000000e0000000)
  object space 122880K, 28% used [0x00000000a0000000,0x00000000a22a3fb8,0x00000000a7800000)
 Metaspace       used 71679K, capacity 74310K, committed 74456K, reserved 1114112K
  class space    used 9530K, capacity 10128K, committed 10200K, reserved 1048576K
Event: 4641.755 GC heap after
Heap after GC invocations=24 (full 3):
 PSYoungGen      total 152576K, used 22564K [0x00000000e0000000, 0x00000000eb280000, 0x0000000100000000)
  eden space 129536K, 0% used [0x00000000e0000000,0x00000000e0000000,0x00000000e7e80000)
  from space 23040K, 97% used [0x00000000e8200000,0x00000000e98090a8,0x00000000e9880000)
  to   space 26624K, 0% used [0x00000000e9880000,0x00000000e9880000,0x00000000eb280000)
 ParOldGen       total 122880K, used 35479K [0x00000000a0000000, 0x00000000a7800000, 0x00000000e0000000)
  object space 122880K, 28% used [0x00000000a0000000,0x00000000a22a5fb8,0x00000000a7800000)
 Metaspace       used 71679K, capacity 74310K, committed 74456K, reserved 1114112K
  class space    used 9530K, capacity 10128K, committed 10200K, reserved 1048576K
}

Deoptimization events (10 events):
Event: 4643.745 Thread 0x000000001a8cb000 Uncommon trap: reason=unstable_if action=reinterpret pc=0x00000000041d58dc method=java.util.concurrent.locks.AbstractQueuedSynchronizer.enq(Ljava/util/concurrent/locks/AbstractQueuedSynchronizer$Node;)Ljava/util/concurrent/locks/AbstractQueuedSynchronizer
Event: 4645.469 Thread 0x000000001a8c7800 Uncommon trap: reason=class_check action=maybe_recompile pc=0x0000000004326eb0 method=java.util.concurrent.LinkedBlockingQueue.poll(JLjava/util/concurrent/TimeUnit;)Ljava/lang/Object; @ 8
Event: 4645.524 Thread 0x000000001a8c3000 Uncommon trap: reason=unstable_if action=reinterpret pc=0x00000000039c0988 method=com.esotericsoftware.kryo.io.Input.require(I)I @ 180
Event: 4645.550 Thread 0x000000001a8c7800 Uncommon trap: reason=null_check action=make_not_entrant pc=0x0000000004bd2a88 method=org.slf4j.helpers.MessageFormatter.getThrowableCandidate([Ljava/lang/Object;)Ljava/lang/Throwable; @ 19
Event: 4645.550 Thread 0x000000001a8c7800 Uncommon trap: reason=unstable_if action=reinterpret pc=0x0000000004bad084 method=org.slf4j.helpers.MessageFormatter.deeplyAppendParameter(Ljava/lang/StringBuilder;Ljava/lang/Object;Ljava/util/Map;)V @ 1
Event: 4679.502 Thread 0x000000001a8c7800 Uncommon trap: reason=class_check action=maybe_recompile pc=0x0000000004326eb0 method=java.util.concurrent.LinkedBlockingQueue.poll(JLjava/util/concurrent/TimeUnit;)Ljava/lang/Object; @ 8
Event: 4682.372 Thread 0x000000001a8c5000 Uncommon trap: reason=array_check action=maybe_recompile pc=0x0000000004d268d8 method=com.google.common.collect.ImmutableSet.construct(I[Ljava/lang/Object;)Lcom/google/common/collect/ImmutableSet; @ 122
Event: 4682.385 Thread 0x000000001a8c5000 Uncommon trap: reason=array_check action=maybe_recompile pc=0x0000000004d268d8 method=com.google.common.collect.ImmutableSet.construct(I[Ljava/lang/Object;)Lcom/google/common/collect/ImmutableSet; @ 122
Event: 4682.386 Thread 0x000000001a8c5000 Uncommon trap: reason=array_check action=maybe_recompile pc=0x0000000004d268d8 method=com.google.common.collect.ImmutableSet.construct(I[Ljava/lang/Object;)Lcom/google/common/collect/ImmutableSet; @ 122
Event: 4682.387 Thread 0x000000001a8c5000 Uncommon trap: reason=array_check action=maybe_recompile pc=0x0000000004d268d8 method=com.google.common.collect.ImmutableSet.construct(I[Ljava/lang/Object;)Lcom/google/common/collect/ImmutableSet; @ 122

Classes redefined (0 events):
No events

Internal exceptions (10 events):
Event: 112.990 Thread 0x00000000199c9800 Exception <a 'java/lang/NoSuchMethodError': <clinit>> (0x00000000e1421338) thrown at [D:\src\AOSP-openjdk-cygwin\jdk8u\hotspot\src\share\vm\prims\jni.cpp, line 1614]
Event: 112.994 Thread 0x00000000199c9800 Exception <a 'java/lang/NoSuchMethodError': <clinit>> (0x00000000e143b348) thrown at [D:\src\AOSP-openjdk-cygwin\jdk8u\hotspot\src\share\vm\prims\jni.cpp, line 1614]
Event: 112.995 Thread 0x00000000199c9800 Exception <a 'java/lang/NoSuchMethodError': <clinit>> (0x00000000e144c068) thrown at [D:\src\AOSP-openjdk-cygwin\jdk8u\hotspot\src\share\vm\prims\jni.cpp, line 1614]
Event: 4634.277 Thread 0x000000001a8c5000 Implicit null exception at 0x00000000047d0760 to 0x00000000047d2885
Event: 4639.936 Thread 0x000000001a8c5000 Implicit null exception at 0x00000000048752f0 to 0x0000000004877821
Event: 4639.940 Thread 0x000000001a8c5000 Implicit null exception at 0x00000000047dfd4b to 0x00000000047e00e1
Event: 4643.226 Thread 0x000000001a8c5000 Exception <a 'java/lang/reflect/InvocationTargetException'> (0x00000000e1831898) thrown at [D:\src\AOSP-openjdk-cygwin\jdk8u\hotspot\src\share\vm\runtime\reflection.cpp, line 1092]
Event: 4643.303 Thread 0x000000001a8c5000 Exception <a 'sun/nio/fs/WindowsException'> (0x00000000e1953be8) thrown at [D:\src\AOSP-openjdk-cygwin\jdk8u\hotspot\src\share\vm\prims\jni.cpp, line 710]
Event: 4645.529 Thread 0x000000001a8c7800 Implicit null exception at 0x0000000004bd038b to 0x0000000004bd2a69
Event: 4645.550 Thread 0x000000001a8c7800 Implicit null exception at 0x0000000004bacbf9 to 0x0000000004bad069

Events (10 events):
Event: 4692.613 Thread 0x00000000182c8800 flushing nmethod 0x0000000004df22d0
Event: 4693.490 Thread 0x000000001f7c6800 Thread added: 0x000000001f7c6800
Event: 4693.490 Thread 0x000000001f7c5800 Thread added: 0x000000001f7c5800
Event: 4693.491 Thread 0x000000001a8c3000 Thread added: 0x000000001a8c3000
Event: 4693.496 Executing VM operation: RevokeBias
Event: 4693.499 Executing VM operation: RevokeBias done
Event: 4693.503 Executing VM operation: RevokeBias
Event: 4693.508 Executing VM operation: RevokeBias done
Event: 4693.508 Executing VM operation: RevokeBias
Event: 4693.512 Executing VM operation: RevokeBias done


Dynamic libraries:
0x00007ff698870000 - 0x00007ff6988a1000 	C:\Program Files\Android\Android Studio\jre\bin\java.exe
0x00007ffa6d5a0000 - 0x00007ffa6d790000 	C:\WINDOWS\SYSTEM32\ntdll.dll
0x00007ffa6b960000 - 0x00007ffa6ba12000 	C:\WINDOWS\System32\KERNEL32.DLL
0x00007ffa6b070000 - 0x00007ffa6b314000 	C:\WINDOWS\System32\KERNELBASE.dll
0x00007ffa6d4a0000 - 0x00007ffa6d543000 	C:\WINDOWS\System32\ADVAPI32.dll
0x00007ffa6bac0000 - 0x00007ffa6bb5e000 	C:\WINDOWS\System32\msvcrt.dll
0x00007ffa6d140000 - 0x00007ffa6d1d7000 	C:\WINDOWS\System32\sechost.dll
0x00007ffa6c990000 - 0x00007ffa6cab0000 	C:\WINDOWS\System32\RPCRT4.dll
0x00007ffa6b7c0000 - 0x00007ffa6b954000 	C:\WINDOWS\System32\USER32.dll
0x00007ffa6b5c0000 - 0x00007ffa6b5e1000 	C:\WINDOWS\System32\win32u.dll
0x00007ffa6d470000 - 0x00007ffa6d496000 	C:\WINDOWS\System32\GDI32.dll
0x00007ffa6b320000 - 0x00007ffa6b4b4000 	C:\WINDOWS\System32\gdi32full.dll
0x00007ffa6a550000 - 0x00007ffa6a5ee000 	C:\WINDOWS\System32\msvcp_win.dll
0x00007ffa6b4c0000 - 0x00007ffa6b5ba000 	C:\WINDOWS\System32\ucrtbase.dll
0x00007ffa57cf0000 - 0x00007ffa57f74000 	C:\WINDOWS\WinSxS\amd64_microsoft.windows.common-controls_6595b64144ccf1df_6.0.18362.836_none_e6c4b943130f18ed\COMCTL32.dll
0x00007ffa6c650000 - 0x00007ffa6c986000 	C:\WINDOWS\System32\combase.dll
0x00007ffa6a5f0000 - 0x00007ffa6a670000 	C:\WINDOWS\System32\bcryptPrimitives.dll
0x00007ffa6b790000 - 0x00007ffa6b7be000 	C:\WINDOWS\System32\IMM32.DLL
0x000000005ba80000 - 0x000000005bb52000 	C:\Program Files\Android\Android Studio\jre\jre\bin\msvcr100.dll
0x000000005bb60000 - 0x000000005c3a6000 	C:\Program Files\Android\Android Studio\jre\jre\bin\server\jvm.dll
0x00007ffa6d550000 - 0x00007ffa6d558000 	C:\WINDOWS\System32\PSAPI.DLL
0x00007ffa65ea0000 - 0x00007ffa65ec4000 	C:\WINDOWS\SYSTEM32\WINMM.dll
0x00007ffa57480000 - 0x00007ffa57489000 	C:\WINDOWS\SYSTEM32\WSOCK32.dll
0x00007ffa6c4a0000 - 0x00007ffa6c50f000 	C:\WINDOWS\System32\WS2_32.dll
0x00007ffa65e10000 - 0x00007ffa65e3d000 	C:\WINDOWS\SYSTEM32\WINMMBASE.dll
0x00007ffa633a0000 - 0x00007ffa633aa000 	C:\WINDOWS\SYSTEM32\VERSION.dll
0x00007ffa6b020000 - 0x00007ffa6b06a000 	C:\WINDOWS\System32\cfgmgr32.dll
0x00007ffa667c0000 - 0x00007ffa667cf000 	C:\Program Files\Android\Android Studio\jre\jre\bin\verify.dll
0x00007ffa666e0000 - 0x00007ffa66709000 	C:\Program Files\Android\Android Studio\jre\jre\bin\java.dll
0x00007ffa666c0000 - 0x00007ffa666d6000 	C:\Program Files\Android\Android Studio\jre\jre\bin\zip.dll
0x00007ffa6bd00000 - 0x00007ffa6c3e4000 	C:\WINDOWS\System32\SHELL32.dll
0x00007ffa6c510000 - 0x00007ffa6c5b9000 	C:\WINDOWS\System32\shcore.dll
0x00007ffa6a670000 - 0x00007ffa6adee000 	C:\WINDOWS\System32\windows.storage.dll
0x00007ffa6a4e0000 - 0x00007ffa6a503000 	C:\WINDOWS\System32\profapi.dll
0x00007ffa6a490000 - 0x00007ffa6a4da000 	C:\WINDOWS\System32\powrprof.dll
0x00007ffa6a460000 - 0x00007ffa6a470000 	C:\WINDOWS\System32\UMPDC.dll
0x00007ffa6bc90000 - 0x00007ffa6bce2000 	C:\WINDOWS\System32\shlwapi.dll
0x00007ffa6a470000 - 0x00007ffa6a481000 	C:\WINDOWS\System32\kernel.appcore.dll
0x00007ffa6a530000 - 0x00007ffa6a547000 	C:\WINDOWS\System32\cryptsp.dll
0x00007ffa666a0000 - 0x00007ffa666ba000 	C:\Program Files\Android\Android Studio\jre\jre\bin\net.dll
0x00007ffa5aa80000 - 0x00007ffa5ac56000 	C:\WINDOWS\SYSTEM32\urlmon.dll
0x00007ffa5cb20000 - 0x00007ffa5cdc6000 	C:\WINDOWS\SYSTEM32\iertutil.dll
0x00007ffa69ea0000 - 0x00007ffa69eac000 	C:\WINDOWS\SYSTEM32\CRYPTBASE.DLL
0x00007ffa69cd0000 - 0x00007ffa69d37000 	C:\WINDOWS\system32\mswsock.dll
0x00007ffa59300000 - 0x00007ffa59313000 	C:\Program Files\Android\Android Studio\jre\jre\bin\nio.dll
0x00007ffa58a80000 - 0x00007ffa58aa6000 	C:\Users\Olcia wpierdolcia\.gradle\native\30\windows-amd64\native-platform.dll
0x00007ffa66770000 - 0x00007ffa6677d000 	C:\Program Files\Android\Android Studio\jre\jre\bin\management.dll
0x00007ffa69840000 - 0x00007ffa69873000 	C:\WINDOWS\system32\rsaenh.dll
0x00007ffa6aff0000 - 0x00007ffa6b016000 	C:\WINDOWS\System32\bcrypt.dll
0x00007ffa6a380000 - 0x00007ffa6a3a5000 	C:\WINDOWS\SYSTEM32\USERENV.dll
0x00007ffa699e0000 - 0x00007ffa69a1a000 	C:\WINDOWS\SYSTEM32\IPHLPAPI.DLL
0x00007ffa6c5c0000 - 0x00007ffa6c5c8000 	C:\WINDOWS\System32\NSI.dll
0x00007ffa603e0000 - 0x00007ffa603f6000 	C:\WINDOWS\SYSTEM32\dhcpcsvc6.DLL
0x00007ffa61940000 - 0x00007ffa6195c000 	C:\WINDOWS\SYSTEM32\dhcpcsvc.DLL
0x00007ffa69a30000 - 0x00007ffa69afb000 	C:\WINDOWS\SYSTEM32\DNSAPI.dll

VM Arguments:
jvm_args: -Xmx1536m -Dfile.encoding=windows-1250 -Duser.country=PL -Duser.language=pl -Duser.variant 
java_command: org.gradle.launcher.daemon.bootstrap.GradleDaemon 5.6.4
java_class_path (initial): C:\Users\Olcia wpierdolcia\.gradle\wrapper\dists\gradle-5.6.4-all\ankdp27end7byghfw1q2sw75f\gradle-5.6.4\lib\gradle-launcher-5.6.4.jar
Launcher Type: SUN_STANDARD

Environment Variables:
PATH=C:\Program Files (x86)\Common Files\Oracle\Java\javapath;C:\WINDOWS\system32;C:\WINDOWS;C:\WINDOWS\System32\Wbem;C:\WINDOWS\System32\WindowsPowerShell\v1.0\;C:\WINDOWS\System32\OpenSSH\;C:\MinGW\bin;C:\MATLAB7\bin\win32;C:\Program Files\dotnet\;"C:\MinGW\bin;";C:\Users\Olcia wpierdolcia\AppData\Local\Microsoft\WindowsApps;C:\Users\Olcia wpierdolcia\AppData\Local\GitHubDesktop\bin;C:\Program Files\Java\jdk1.8.0_241\bin;C:\Program Files\Java\jre1.8.0_251\bin;
USERNAME=Olcia wpierdolcia
OS=Windows_NT
PROCESSOR_IDENTIFIER=Intel64 Family 6 Model 142 Stepping 9, GenuineIntel



---------------  S Y S T E M  ---------------

OS: Windows 10.0 , 64 bit Build 18362 (10.0.18362.778)

CPU:total 4 (initial active 4) (2 cores per cpu, 2 threads per core) family 6 model 142 stepping 9, cmov, cx8, fxsr, mmx, sse, sse2, sse3, ssse3, sse4.1, sse4.2, popcnt, avx, avx2, aes, clmul, erms, 3dnowpref, lzcnt, ht, tsc, tscinvbit, bmi1, bmi2, adx

Memory: 4k page, physical 6154268k(246460k free), swap 20715932k(0k free)

vm_info: OpenJDK 64-Bit Server VM (25.212-b04) for windows-amd64 JRE (1.8.0_212-release-1586-b04), built by "builder" with MS VC++ 10.0 (VS2010)

time: Sun May 31 14:59:39 2020
timezone: Œrodkowoeuropejski czas letni
elapsed time: 4694 seconds (0d 1h 18m 14s)

